{
  "0 debug pnpm:scope": {
    "selected": 1
  },
  "1 debug pnpm:package-manifest": {
    "initial": {
      "name": "projects-app",
      "private": true,
      "version": "1.0.0",
      "engines": {
        "node": "^10.13 || 12 || 14 || 15",
        "npm": ">=6"
      },
      "dependencies": {
        "@fortawesome/fontawesome-svg-core": "6.4.2",
        "@fortawesome/free-solid-svg-icons": "6.4.2",
        "@fortawesome/react-fontawesome": "0.2.0",
        "@testing-library/jest-dom": "5.11.9",
        "@testing-library/react": "11.2.5",
        "@testing-library/user-event": "12.6.2",
        "babel-plugin-macros": "3.1.0",
        "chalk": "4.1.0",
        "font-awesome": "4.7.0",
        "fontawesome-free": "1.0.4",
        "jsonwebtoken": "8.5.1",
        "react": "17.0.1",
        "react-dom": "17.0.1",
        "react-icons": "4.10.1"
      },
      "devDependencies": {
        "eslint-config-airbnb": "18.2.1",
        "eslint-config-prettier": "8.1.0",
        "eslint-plugin-prettier": "3.3.1",
        "husky": "4.3.8",
        "lint-staged": "10.5.4",
        "npm-run-all": "4.1.5",
        "prettier": "2.2.1",
        "react-scripts": "4.0.3"
      },
      "scripts": {
        "start": "react-scripts start",
        "build": "react-scripts build",
        "test": "react-scripts test",
        "lint": "eslint .",
        "lint:fix": "eslint --fix src/",
        "format": "prettier --write \"./src\"",
        "run-all": "npm-run-all --parallel test lint:fix"
      },
      "lint-staged": {
        "*.js": [
          "npm run lint:fix"
        ],
        "*.{js, jsx, json, html, css}": [
          "npm run format"
        ]
      },
      "husky": {
        "hooks": {
          "pre-commit": "lint-staged"
        }
      },
      "jest": {
        "collectCoverageFrom": [
          "src/**/*.js"
        ]
      },
      "browserslist": {
        "development": [
          "last 2 chrome versions",
          "last 2 firefox versions",
          "last 2 edge versions"
        ],
        "production": [
          ">1%",
          "last 4 versions",
          "Firefox ESR",
          "not ie < 11"
        ]
      }
    },
    "prefix": "/home/workspace/reactjs/sessions/on-demand-session"
  },
  "2 debug pnpm:context": {
    "currentLockfileExists": true,
    "storeDir": "/home/workspace/.pnpm-store/v3",
    "virtualStoreDir": "/home/workspace/reactjs/sessions/on-demand-session/node_modules/.pnpm"
  },
  "3 debug pnpm:stage": {
    "prefix": "/home/workspace/reactjs/sessions/on-demand-session",
    "stage": "resolution_started"
  },
  "4 debug pnpm:_dependency_resolved": {
    "resolution": "registry.npmjs.org/eslint-config-airbnb/18.2.1",
    "wanted": {
      "dependentId": ".",
      "name": "eslint-config-airbnb",
      "rawSpec": "18.2.1"
    }
  },
  "5 debug pnpm:_dependency_resolved": {
    "resolution": "registry.npmjs.org/eslint-config-prettier/8.1.0",
    "wanted": {
      "dependentId": ".",
      "name": "eslint-config-prettier",
      "rawSpec": "8.1.0"
    }
  },
  "6 debug pnpm:_dependency_resolved": {
    "resolution": "registry.npmjs.org/eslint-plugin-prettier/3.3.1",
    "wanted": {
      "dependentId": ".",
      "name": "eslint-plugin-prettier",
      "rawSpec": "3.3.1"
    }
  },
  "7 debug pnpm:_dependency_resolved": {
    "resolution": "registry.npmjs.org/husky/4.3.8",
    "wanted": {
      "dependentId": ".",
      "name": "husky",
      "rawSpec": "4.3.8"
    }
  },
  "8 debug pnpm:_dependency_resolved": {
    "resolution": "registry.npmjs.org/lint-staged/10.5.4",
    "wanted": {
      "dependentId": ".",
      "name": "lint-staged",
      "rawSpec": "10.5.4"
    }
  },
  "9 debug pnpm:_dependency_resolved": {
    "resolution": "registry.npmjs.org/npm-run-all/4.1.5",
    "wanted": {
      "dependentId": ".",
      "name": "npm-run-all",
      "rawSpec": "4.1.5"
    }
  },
  "10 debug pnpm:_dependency_resolved": {
    "resolution": "registry.npmjs.org/prettier/2.2.1",
    "wanted": {
      "dependentId": ".",
      "name": "prettier",
      "rawSpec": "2.2.1"
    }
  },
  "11 debug pnpm:_dependency_resolved": {
    "resolution": "registry.npmjs.org/react-scripts/4.0.3",
    "wanted": {
      "dependentId": ".",
      "name": "react-scripts",
      "rawSpec": "4.0.3"
    }
  },
  "12 debug pnpm:_dependency_resolved": {
    "resolution": "npm.fontawesome.com/@fortawesome/fontawesome-svg-core/6.4.2",
    "wanted": {
      "dependentId": ".",
      "name": "@fortawesome/fontawesome-svg-core",
      "rawSpec": "6.4.2"
    }
  },
  "13 debug pnpm:_dependency_resolved": {
    "resolution": "npm.fontawesome.com/@fortawesome/free-solid-svg-icons/6.4.2",
    "wanted": {
      "dependentId": ".",
      "name": "@fortawesome/free-solid-svg-icons",
      "rawSpec": "6.4.2"
    }
  },
  "14 debug pnpm:_dependency_resolved": {
    "resolution": "npm.fontawesome.com/@fortawesome/react-fontawesome/0.2.0",
    "wanted": {
      "dependentId": ".",
      "name": "@fortawesome/react-fontawesome",
      "rawSpec": "0.2.0"
    }
  },
  "15 debug pnpm:_dependency_resolved": {
    "resolution": "registry.npmjs.org/@testing-library/jest-dom/5.11.9",
    "wanted": {
      "dependentId": ".",
      "name": "@testing-library/jest-dom",
      "rawSpec": "5.11.9"
    }
  },
  "16 debug pnpm:_dependency_resolved": {
    "resolution": "registry.npmjs.org/@testing-library/react/11.2.5",
    "wanted": {
      "dependentId": ".",
      "name": "@testing-library/react",
      "rawSpec": "11.2.5"
    }
  },
  "17 debug pnpm:_dependency_resolved": {
    "resolution": "registry.npmjs.org/@testing-library/user-event/12.6.2",
    "wanted": {
      "dependentId": ".",
      "name": "@testing-library/user-event",
      "rawSpec": "12.6.2"
    }
  },
  "18 debug pnpm:_dependency_resolved": {
    "resolution": "registry.npmjs.org/babel-plugin-macros/3.1.0",
    "wanted": {
      "dependentId": ".",
      "name": "babel-plugin-macros",
      "rawSpec": "3.1.0"
    }
  },
  "19 debug pnpm:_dependency_resolved": {
    "resolution": "registry.npmjs.org/chalk/4.1.0",
    "wanted": {
      "dependentId": ".",
      "name": "chalk",
      "rawSpec": "4.1.0"
    }
  },
  "20 debug pnpm:_dependency_resolved": {
    "resolution": "registry.npmjs.org/font-awesome/4.7.0",
    "wanted": {
      "dependentId": ".",
      "name": "font-awesome",
      "rawSpec": "4.7.0"
    }
  },
  "21 debug pnpm:_dependency_resolved": {
    "resolution": "registry.npmjs.org/fontawesome-free/1.0.4",
    "wanted": {
      "dependentId": ".",
      "name": "fontawesome-free",
      "rawSpec": "1.0.4"
    }
  },
  "22 debug pnpm:_dependency_resolved": {
    "resolution": "registry.npmjs.org/react/17.0.1",
    "wanted": {
      "dependentId": ".",
      "name": "react",
      "rawSpec": "17.0.1"
    }
  },
  "23 debug pnpm:_dependency_resolved": {
    "resolution": "registry.npmjs.org/jsonwebtoken/8.5.1",
    "wanted": {
      "dependentId": ".",
      "name": "jsonwebtoken",
      "rawSpec": "8.5.1"
    }
  },
  "24 debug pnpm:_dependency_resolved": {
    "resolution": "registry.npmjs.org/react-dom/17.0.1",
    "wanted": {
      "dependentId": ".",
      "name": "react-dom",
      "rawSpec": "17.0.1"
    }
  },
  "25 debug pnpm:_dependency_resolved": {
    "resolution": "registry.npmjs.org/react-icons/4.10.1",
    "wanted": {
      "dependentId": ".",
      "name": "react-icons",
      "rawSpec": "4.10.1"
    }
  },
  "26 debug pnpm:progress": {
    "packageId": "registry.npmjs.org/eslint-config-airbnb/18.2.1",
    "requester": "/home/workspace/reactjs/sessions/on-demand-session",
    "status": "found_in_store"
  },
  "27 debug pnpm:progress": {
    "packageId": "registry.npmjs.org/eslint-config-airbnb/18.2.1",
    "requester": "/home/workspace/reactjs/sessions/on-demand-session",
    "status": "resolved"
  },
  "28 debug pnpm:progress": {
    "packageId": "registry.npmjs.org/eslint-config-prettier/8.1.0",
    "requester": "/home/workspace/reactjs/sessions/on-demand-session",
    "status": "found_in_store"
  },
  "29 debug pnpm:progress": {
    "packageId": "registry.npmjs.org/eslint-config-prettier/8.1.0",
    "requester": "/home/workspace/reactjs/sessions/on-demand-session",
    "status": "resolved"
  },
  "30 debug pnpm:progress": {
    "packageId": "registry.npmjs.org/eslint-plugin-prettier/3.3.1",
    "requester": "/home/workspace/reactjs/sessions/on-demand-session",
    "status": "found_in_store"
  },
  "31 debug pnpm:progress": {
    "packageId": "registry.npmjs.org/eslint-plugin-prettier/3.3.1",
    "requester": "/home/workspace/reactjs/sessions/on-demand-session",
    "status": "resolved"
  },
  "32 debug pnpm:progress": {
    "packageId": "registry.npmjs.org/husky/4.3.8",
    "requester": "/home/workspace/reactjs/sessions/on-demand-session",
    "status": "found_in_store"
  },
  "33 debug pnpm:progress": {
    "packageId": "registry.npmjs.org/husky/4.3.8",
    "requester": "/home/workspace/reactjs/sessions/on-demand-session",
    "status": "resolved"
  },
  "34 debug pnpm:progress": {
    "packageId": "registry.npmjs.org/lint-staged/10.5.4",
    "requester": "/home/workspace/reactjs/sessions/on-demand-session",
    "status": "found_in_store"
  },
  "35 debug pnpm:progress": {
    "packageId": "registry.npmjs.org/lint-staged/10.5.4",
    "requester": "/home/workspace/reactjs/sessions/on-demand-session",
    "status": "resolved"
  },
  "36 debug pnpm:progress": {
    "packageId": "registry.npmjs.org/npm-run-all/4.1.5",
    "requester": "/home/workspace/reactjs/sessions/on-demand-session",
    "status": "found_in_store"
  },
  "37 debug pnpm:progress": {
    "packageId": "registry.npmjs.org/npm-run-all/4.1.5",
    "requester": "/home/workspace/reactjs/sessions/on-demand-session",
    "status": "resolved"
  },
  "38 debug pnpm:progress": {
    "packageId": "registry.npmjs.org/prettier/2.2.1",
    "requester": "/home/workspace/reactjs/sessions/on-demand-session",
    "status": "found_in_store"
  },
  "39 debug pnpm:progress": {
    "packageId": "registry.npmjs.org/prettier/2.2.1",
    "requester": "/home/workspace/reactjs/sessions/on-demand-session",
    "status": "resolved"
  },
  "40 debug pnpm:progress": {
    "packageId": "registry.npmjs.org/react-scripts/4.0.3",
    "requester": "/home/workspace/reactjs/sessions/on-demand-session",
    "status": "found_in_store"
  },
  "41 debug pnpm:progress": {
    "packageId": "registry.npmjs.org/react-scripts/4.0.3",
    "requester": "/home/workspace/reactjs/sessions/on-demand-session",
    "status": "resolved"
  },
  "42 debug pnpm:progress": {
    "packageId": "npm.fontawesome.com/@fortawesome/fontawesome-svg-core/6.4.2",
    "requester": "/home/workspace/reactjs/sessions/on-demand-session",
    "status": "found_in_store"
  },
  "43 debug pnpm:progress": {
    "packageId": "npm.fontawesome.com/@fortawesome/fontawesome-svg-core/6.4.2",
    "requester": "/home/workspace/reactjs/sessions/on-demand-session",
    "status": "resolved"
  },
  "44 debug pnpm:progress": {
    "packageId": "npm.fontawesome.com/@fortawesome/react-fontawesome/0.2.0",
    "requester": "/home/workspace/reactjs/sessions/on-demand-session",
    "status": "found_in_store"
  },
  "45 debug pnpm:progress": {
    "packageId": "npm.fontawesome.com/@fortawesome/react-fontawesome/0.2.0",
    "requester": "/home/workspace/reactjs/sessions/on-demand-session",
    "status": "resolved"
  },
  "46 debug pnpm:progress": {
    "packageId": "registry.npmjs.org/@testing-library/jest-dom/5.11.9",
    "requester": "/home/workspace/reactjs/sessions/on-demand-session",
    "status": "found_in_store"
  },
  "47 debug pnpm:progress": {
    "packageId": "registry.npmjs.org/@testing-library/jest-dom/5.11.9",
    "requester": "/home/workspace/reactjs/sessions/on-demand-session",
    "status": "resolved"
  },
  "48 debug pnpm:progress": {
    "packageId": "registry.npmjs.org/@testing-library/react/11.2.5",
    "requester": "/home/workspace/reactjs/sessions/on-demand-session",
    "status": "found_in_store"
  },
  "49 debug pnpm:progress": {
    "packageId": "registry.npmjs.org/@testing-library/react/11.2.5",
    "requester": "/home/workspace/reactjs/sessions/on-demand-session",
    "status": "resolved"
  },
  "50 debug pnpm:progress": {
    "packageId": "registry.npmjs.org/@testing-library/user-event/12.6.2",
    "requester": "/home/workspace/reactjs/sessions/on-demand-session",
    "status": "found_in_store"
  },
  "51 debug pnpm:progress": {
    "packageId": "registry.npmjs.org/@testing-library/user-event/12.6.2",
    "requester": "/home/workspace/reactjs/sessions/on-demand-session",
    "status": "resolved"
  },
  "52 debug pnpm:progress": {
    "packageId": "registry.npmjs.org/babel-plugin-macros/3.1.0",
    "requester": "/home/workspace/reactjs/sessions/on-demand-session",
    "status": "found_in_store"
  },
  "53 debug pnpm:progress": {
    "packageId": "registry.npmjs.org/babel-plugin-macros/3.1.0",
    "requester": "/home/workspace/reactjs/sessions/on-demand-session",
    "status": "resolved"
  },
  "54 debug pnpm:progress": {
    "packageId": "registry.npmjs.org/chalk/4.1.0",
    "requester": "/home/workspace/reactjs/sessions/on-demand-session",
    "status": "found_in_store"
  },
  "55 debug pnpm:progress": {
    "packageId": "registry.npmjs.org/chalk/4.1.0",
    "requester": "/home/workspace/reactjs/sessions/on-demand-session",
    "status": "resolved"
  },
  "56 debug pnpm:progress": {
    "packageId": "registry.npmjs.org/font-awesome/4.7.0",
    "requester": "/home/workspace/reactjs/sessions/on-demand-session",
    "status": "found_in_store"
  },
  "57 debug pnpm:progress": {
    "packageId": "registry.npmjs.org/font-awesome/4.7.0",
    "requester": "/home/workspace/reactjs/sessions/on-demand-session",
    "status": "resolved"
  },
  "58 debug pnpm:progress": {
    "packageId": "registry.npmjs.org/react/17.0.1",
    "requester": "/home/workspace/reactjs/sessions/on-demand-session",
    "status": "found_in_store"
  },
  "59 debug pnpm:progress": {
    "packageId": "registry.npmjs.org/react/17.0.1",
    "requester": "/home/workspace/reactjs/sessions/on-demand-session",
    "status": "resolved"
  },
  "60 debug pnpm:progress": {
    "packageId": "registry.npmjs.org/jsonwebtoken/8.5.1",
    "requester": "/home/workspace/reactjs/sessions/on-demand-session",
    "status": "found_in_store"
  },
  "61 debug pnpm:progress": {
    "packageId": "registry.npmjs.org/jsonwebtoken/8.5.1",
    "requester": "/home/workspace/reactjs/sessions/on-demand-session",
    "status": "resolved"
  },
  "62 debug pnpm:progress": {
    "packageId": "registry.npmjs.org/react-dom/17.0.1",
    "requester": "/home/workspace/reactjs/sessions/on-demand-session",
    "status": "found_in_store"
  },
  "63 debug pnpm:progress": {
    "packageId": "registry.npmjs.org/react-dom/17.0.1",
    "requester": "/home/workspace/reactjs/sessions/on-demand-session",
    "status": "resolved"
  },
  "64 debug pnpm:progress": {
    "packageId": "registry.npmjs.org/react-icons/4.10.1",
    "requester": "/home/workspace/reactjs/sessions/on-demand-session",
    "status": "found_in_store"
  },
  "65 debug pnpm:progress": {
    "packageId": "registry.npmjs.org/react-icons/4.10.1",
    "requester": "/home/workspace/reactjs/sessions/on-demand-session",
    "status": "resolved"
  },
  "66 debug pnpm:progress": {
    "packageId": "registry.npmjs.org/fontawesome-free/1.0.4",
    "requester": "/home/workspace/reactjs/sessions/on-demand-session",
    "status": "found_in_store"
  },
  "67 debug pnpm:progress": {
    "packageId": "registry.npmjs.org/fontawesome-free/1.0.4",
    "requester": "/home/workspace/reactjs/sessions/on-demand-session",
    "status": "resolved"
  },
  "68 debug pnpm:progress": {
    "packageId": "npm.fontawesome.com/@fortawesome/free-solid-svg-icons/6.4.2",
    "requester": "/home/workspace/reactjs/sessions/on-demand-session",
    "status": "found_in_store"
  },
  "69 debug pnpm:progress": {
    "packageId": "npm.fontawesome.com/@fortawesome/free-solid-svg-icons/6.4.2",
    "requester": "/home/workspace/reactjs/sessions/on-demand-session",
    "status": "resolved"
  },
  "70 error pnpm": {
    "code": "ERR_PNPM_FETCH_401",
    "hint": "An authorization header was used: Bearer FONT[hidden]",
    "request": {
      "authHeaderValue": "Bearer FONT-AWESOME-PACKAGE-FONT-AWESOME-PACKAGE-TOKEN",
      "url": "https://npm.fontawesome.com/@fortawesome%2Ffree-regular-svg-icons"
    },
    "response": {
      "size": 0
    },
    "pkgName": "@fortawesome/free-regular-svg-icons",
    "pkgsStack": [],
    "err": {
      "name": "pnpm",
      "message": "GET https://npm.fontawesome.com/@fortawesome%2Ffree-regular-svg-icons: Unauthorized - 401",
      "code": "ERR_PNPM_FETCH_401",
      "stack": "pnpm: GET https://npm.fontawesome.com/@fortawesome%2Ffree-regular-svg-icons: Unauthorized - 401\n    at RetryOperation._fn (/usr/local/lib/node_modules/pnpm/dist/pnpm.cjs:85815:19)\n    at processTicksAndRejections (internal/process/task_queues.js:95:5)"
    }
  }
}